<?xml version="1.0" encoding="UTF-8"?>
<testng-results skipped="1" failed="0" ignored="0" total="2" passed="1">
  <reporter-output>
    <line>
      <![CDATA[===== Chrome browser Session Started =====]]>
    </line>
    <line>
      <![CDATA[===== Amazon Canada Session Started =====]]>
    </line>
    <line>
      <![CDATA[Shop By Department link clicked]]>
    </line>
    <line>
      <![CDATA[Kindle Paper White clink clicked]]>
    </line>
    <line>
      <![CDATA[Product quantity selected]]>
    </line>
    <line>
      <![CDATA[Add to cart button clicked]]>
    </line>
    <line>
      <![CDATA[Popup up closed]]>
    </line>
    <line>
      <![CDATA[Checkout button clicked]]>
    </line>
    <line>
      <![CDATA[Continue button clicked]]>
    </line>
    <line>
      <![CDATA[Email alert messge: Enter your e-mail address or mobile phone number]]>
    </line>
    <line>
      <![CDATA[===== Browser Session Ended =====]]>
    </line>
  </reporter-output>
  <suite name="MultiBrowserSuite" duration-ms="47957" started-at="2018-09-12T23:51:06Z" finished-at="2018-09-12T23:51:54Z">
    <groups>
    </groups>
    <test name="ChromeTest" duration-ms="41853" started-at="2018-09-12T23:51:06Z" finished-at="2018-09-12T23:51:48Z">
      <class name="ca.shopAmazon.ProcessOrderTests">
        <test-method status="PASS" signature="setUp(java.lang.String)[pri:0, instance:ca.shopAmazon.ProcessOrderTests@ae45eb6]" name="setUp" is-config="true" duration-ms="29144" started-at="2018-09-12T23:51:06Z" finished-at="2018-09-12T23:51:35Z">
          <params>
            <param index="0">
              <value>
                <![CDATA[Chrome]]>
              </value>
            </param>
          </params>
          <reporter-output>
            <line>
              <![CDATA[===== Chrome browser Session Started =====]]>
            </line>
            <line>
              <![CDATA[===== Amazon Canada Session Started =====]]>
            </line>
          </reporter-output>
        </test-method> <!-- setUp -->
        <test-method status="PASS" signature="orderEmailCheck()[pri:0, instance:ca.shopAmazon.ProcessOrderTests@ae45eb6]" name="orderEmailCheck" duration-ms="11219" started-at="2018-09-12T23:51:35Z" description="TC to check email is mandatory during order processing" finished-at="2018-09-12T23:51:46Z">
          <reporter-output>
            <line>
              <![CDATA[Shop By Department link clicked]]>
            </line>
            <line>
              <![CDATA[Kindle Paper White clink clicked]]>
            </line>
            <line>
              <![CDATA[Product quantity selected]]>
            </line>
            <line>
              <![CDATA[Add to cart button clicked]]>
            </line>
            <line>
              <![CDATA[Popup up closed]]>
            </line>
            <line>
              <![CDATA[Checkout button clicked]]>
            </line>
            <line>
              <![CDATA[Continue button clicked]]>
            </line>
            <line>
              <![CDATA[Email alert messge: Enter your e-mail address or mobile phone number]]>
            </line>
          </reporter-output>
        </test-method> <!-- orderEmailCheck -->
        <test-method status="PASS" signature="tearDown()[pri:0, instance:ca.shopAmazon.ProcessOrderTests@ae45eb6]" name="tearDown" is-config="true" duration-ms="1444" started-at="2018-09-12T23:51:46Z" finished-at="2018-09-12T23:51:48Z">
          <reporter-output>
            <line>
              <![CDATA[===== Browser Session Ended =====]]>
            </line>
          </reporter-output>
        </test-method> <!-- tearDown -->
      </class> <!-- ca.shopAmazon.ProcessOrderTests -->
    </test> <!-- ChromeTest -->
    <test name="FirefoxTest" duration-ms="47957" started-at="2018-09-12T23:51:06Z" finished-at="2018-09-12T23:51:54Z">
      <class name="ca.shopAmazon.ProcessOrderTests">
        <test-method status="FAIL" signature="setUp(java.lang.String)[pri:0, instance:ca.shopAmazon.ProcessOrderTests@464bee09]" name="setUp" is-config="true" duration-ms="47919" started-at="2018-09-12T23:51:06Z" finished-at="2018-09-12T23:51:54Z">
          <params>
            <param index="0">
              <value>
                <![CDATA[Firefox]]>
              </value>
            </param>
          </params>
          <exception class="org.openqa.selenium.WebDriverException">
            <message>
              <![CDATA[Timed out waiting 45 seconds for Firefox to start.
Build info: version: '3.12.0', revision: '7c6e0b3', time: '2018-05-08T14:04:26.12Z'
System info: host: 'TDL08141151', ip: '192.168.0.19', os.name: 'Windows 7', os.arch: 'amd64', os.version: '6.1', java.version: '1.8.0_171'
Driver info: driver.version: FirefoxDriver]]>
            </message>
            <full-stacktrace>
              <![CDATA[org.openqa.selenium.WebDriverException: Timed out waiting 45 seconds for Firefox to start.
Build info: version: '3.12.0', revision: '7c6e0b3', time: '2018-05-08T14:04:26.12Z'
System info: host: 'TDL08141151', ip: '192.168.0.19', os.name: 'Windows 7', os.arch: 'amd64', os.version: '6.1', java.version: '1.8.0_171'
Driver info: driver.version: FirefoxDriver
at org.openqa.selenium.firefox.XpiDriverService.waitUntilAvailable(XpiDriverService.java:132)
at org.openqa.selenium.firefox.XpiDriverService.start(XpiDriverService.java:117)
at org.openqa.selenium.remote.service.DriverCommandExecutor.execute(DriverCommandExecutor.java:79)
at org.openqa.selenium.remote.RemoteWebDriver.execute(RemoteWebDriver.java:543)
at org.openqa.selenium.remote.RemoteWebDriver.startSession(RemoteWebDriver.java:207)
at org.openqa.selenium.remote.RemoteWebDriver.<init>(RemoteWebDriver.java:130)
at org.openqa.selenium.firefox.FirefoxDriver.<init>(FirefoxDriver.java:125)
at ca.amazon.setup.Base.setUp(Base.java:45)
at sun.reflect.NativeMethodAccessorImpl.invoke0(Native Method)
at sun.reflect.NativeMethodAccessorImpl.invoke(NativeMethodAccessorImpl.java:62)
at sun.reflect.DelegatingMethodAccessorImpl.invoke(DelegatingMethodAccessorImpl.java:43)
at java.lang.reflect.Method.invoke(Method.java:498)
at org.testng.internal.MethodInvocationHelper.invokeMethod(MethodInvocationHelper.java:124)
at org.testng.internal.MethodInvocationHelper.invokeMethodConsideringTimeout(MethodInvocationHelper.java:59)
at org.testng.internal.Invoker.invokeConfigurationMethod(Invoker.java:458)
at org.testng.internal.Invoker.invokeConfigurations(Invoker.java:222)
at org.testng.internal.Invoker.invokeConfigurations(Invoker.java:142)
at org.testng.internal.TestMethodWorker.invokeBeforeClassMethods(TestMethodWorker.java:168)
at org.testng.internal.TestMethodWorker.run(TestMethodWorker.java:105)
at org.testng.TestRunner.privateRun(TestRunner.java:648)
at org.testng.TestRunner.run(TestRunner.java:505)
at org.testng.SuiteRunner.runTest(SuiteRunner.java:455)
at org.testng.SuiteRunner.access$000(SuiteRunner.java:40)
at org.testng.SuiteRunner$SuiteWorker.run(SuiteRunner.java:489)
at org.testng.internal.thread.ThreadUtil$1.call(ThreadUtil.java:52)
at java.util.concurrent.FutureTask.run(FutureTask.java:266)
at java.util.concurrent.ThreadPoolExecutor.runWorker(ThreadPoolExecutor.java:1149)
at java.util.concurrent.ThreadPoolExecutor$Worker.run(ThreadPoolExecutor.java:624)
at java.lang.Thread.run(Thread.java:748)
Caused by: org.openqa.selenium.net.UrlChecker$TimeoutException: Timed out waiting for [http://localhost:30141/hub/status] to be available after 45001 ms
at org.openqa.selenium.net.UrlChecker.waitUntilAvailable(UrlChecker.java:100)
at org.openqa.selenium.firefox.XpiDriverService.waitUntilAvailable(XpiDriverService.java:130)
... 28 more
Caused by: java.util.concurrent.TimeoutException
at java.util.concurrent.FutureTask.get(FutureTask.java:205)
at com.google.common.util.concurrent.SimpleTimeLimiter.callWithTimeout(SimpleTimeLimiter.java:148)
at org.openqa.selenium.net.UrlChecker.waitUntilAvailable(UrlChecker.java:75)
... 29 more
]]>
            </full-stacktrace>
          </exception> <!-- org.openqa.selenium.WebDriverException -->
          <reporter-output>
          </reporter-output>
        </test-method> <!-- setUp -->
        <test-method status="SKIP" signature="orderEmailCheck()[pri:0, instance:ca.shopAmazon.ProcessOrderTests@464bee09]" name="orderEmailCheck" duration-ms="0" started-at="2018-09-12T23:51:54Z" description="TC to check email is mandatory during order processing" finished-at="2018-09-12T23:51:54Z">
          <exception class="org.openqa.selenium.WebDriverException">
            <message>
              <![CDATA[Timed out waiting 45 seconds for Firefox to start.
Build info: version: '3.12.0', revision: '7c6e0b3', time: '2018-05-08T14:04:26.12Z'
System info: host: 'TDL08141151', ip: '192.168.0.19', os.name: 'Windows 7', os.arch: 'amd64', os.version: '6.1', java.version: '1.8.0_171'
Driver info: driver.version: FirefoxDriver]]>
            </message>
            <full-stacktrace>
              <![CDATA[org.openqa.selenium.WebDriverException: Timed out waiting 45 seconds for Firefox to start.
Build info: version: '3.12.0', revision: '7c6e0b3', time: '2018-05-08T14:04:26.12Z'
System info: host: 'TDL08141151', ip: '192.168.0.19', os.name: 'Windows 7', os.arch: 'amd64', os.version: '6.1', java.version: '1.8.0_171'
Driver info: driver.version: FirefoxDriver
at org.openqa.selenium.firefox.XpiDriverService.waitUntilAvailable(XpiDriverService.java:132)
at org.openqa.selenium.firefox.XpiDriverService.start(XpiDriverService.java:117)
at org.openqa.selenium.remote.service.DriverCommandExecutor.execute(DriverCommandExecutor.java:79)
at org.openqa.selenium.remote.RemoteWebDriver.execute(RemoteWebDriver.java:543)
at org.openqa.selenium.remote.RemoteWebDriver.startSession(RemoteWebDriver.java:207)
at org.openqa.selenium.remote.RemoteWebDriver.<init>(RemoteWebDriver.java:130)
at org.openqa.selenium.firefox.FirefoxDriver.<init>(FirefoxDriver.java:125)
at ca.amazon.setup.Base.setUp(Base.java:45)
at sun.reflect.NativeMethodAccessorImpl.invoke0(Native Method)
at sun.reflect.NativeMethodAccessorImpl.invoke(NativeMethodAccessorImpl.java:62)
at sun.reflect.DelegatingMethodAccessorImpl.invoke(DelegatingMethodAccessorImpl.java:43)
at java.lang.reflect.Method.invoke(Method.java:498)
at org.testng.internal.MethodInvocationHelper.invokeMethod(MethodInvocationHelper.java:124)
at org.testng.internal.MethodInvocationHelper.invokeMethodConsideringTimeout(MethodInvocationHelper.java:59)
at org.testng.internal.Invoker.invokeConfigurationMethod(Invoker.java:458)
at org.testng.internal.Invoker.invokeConfigurations(Invoker.java:222)
at org.testng.internal.Invoker.invokeConfigurations(Invoker.java:142)
at org.testng.internal.TestMethodWorker.invokeBeforeClassMethods(TestMethodWorker.java:168)
at org.testng.internal.TestMethodWorker.run(TestMethodWorker.java:105)
at org.testng.TestRunner.privateRun(TestRunner.java:648)
at org.testng.TestRunner.run(TestRunner.java:505)
at org.testng.SuiteRunner.runTest(SuiteRunner.java:455)
at org.testng.SuiteRunner.access$000(SuiteRunner.java:40)
at org.testng.SuiteRunner$SuiteWorker.run(SuiteRunner.java:489)
at org.testng.internal.thread.ThreadUtil$1.call(ThreadUtil.java:52)
at java.util.concurrent.FutureTask.run(FutureTask.java:266)
at java.util.concurrent.ThreadPoolExecutor.runWorker(ThreadPoolExecutor.java:1149)
at java.util.concurrent.ThreadPoolExecutor$Worker.run(ThreadPoolExecutor.java:624)
at java.lang.Thread.run(Thread.java:748)
Caused by: org.openqa.selenium.net.UrlChecker$TimeoutException: Timed out waiting for [http://localhost:30141/hub/status] to be available after 45001 ms
at org.openqa.selenium.net.UrlChecker.waitUntilAvailable(UrlChecker.java:100)
at org.openqa.selenium.firefox.XpiDriverService.waitUntilAvailable(XpiDriverService.java:130)
... 28 more
Caused by: java.util.concurrent.TimeoutException
at java.util.concurrent.FutureTask.get(FutureTask.java:205)
at com.google.common.util.concurrent.SimpleTimeLimiter.callWithTimeout(SimpleTimeLimiter.java:148)
at org.openqa.selenium.net.UrlChecker.waitUntilAvailable(UrlChecker.java:75)
... 29 more
]]>
            </full-stacktrace>
          </exception> <!-- org.openqa.selenium.WebDriverException -->
          <reporter-output>
          </reporter-output>
        </test-method> <!-- orderEmailCheck -->
        <test-method status="SKIP" signature="tearDown()[pri:0, instance:ca.shopAmazon.ProcessOrderTests@464bee09]" name="tearDown" is-config="true" duration-ms="0" started-at="2018-09-12T23:51:54Z" finished-at="2018-09-12T23:51:54Z">
          <reporter-output>
          </reporter-output>
        </test-method> <!-- tearDown -->
      </class> <!-- ca.shopAmazon.ProcessOrderTests -->
    </test> <!-- FirefoxTest -->
  </suite> <!-- MultiBrowserSuite -->
</testng-results>
